\BOOKMARK [0][-]{chapter.1}{\376\377\000B\000e\000m\000-\000v\000i\000n\000d\000o\000s\000!}{}% 1
\BOOKMARK [0][-]{chapter.2}{\376\377\000I\000n\000t\000r\000o\000d\000u\000\347\000\343\000o}{}% 2
\BOOKMARK [1][-]{section.2.1}{\376\377\000A\000t\000i\000v\000i\000d\000a\000d\000e\000\040\0001}{chapter.2}% 3
\BOOKMARK [0][-]{chapter.3}{\376\377\000D\000e\000f\000i\000n\000i\000\347\000\365\000e\000s\000\040\000i\000n\000i\000c\000i\000a\000i\000s}{}% 4
\BOOKMARK [0][-]{chapter.4}{\376\377\000T\000a\000m\000a\000n\000h\000o\000\040\000d\000a\000\040\000a\000m\000o\000s\000t\000r\000a}{}% 5
\BOOKMARK [1][-]{section.4.1}{\376\377\000A\000t\000i\000v\000i\000d\000a\000d\000e\000\040\0002}{chapter.4}% 6
\BOOKMARK [0][-]{chapter.5}{\376\377\000A\000m\000b\000i\000e\000n\000t\000e\000\040\000c\000o\000m\000p\000u\000t\000a\000c\000i\000o\000n\000a\000l}{}% 7
\BOOKMARK [1][-]{section.5.1}{\376\377\000P\000l\000a\000n\000o\000\040\000A\000:\000\040\000I\000n\000s\000t\000a\000l\000a\000\347\000\343\000o\000\040\000R\000\040\000e\000\040\000R\000S\000t\000u\000d\000i\000o}{chapter.5}% 8
\BOOKMARK [1][-]{section.5.2}{\376\377\000P\000l\000a\000n\000o\000\040\000B\000:\000\040\000R\000\040\000e\000\040\000R\000S\000t\000u\000d\000i\000o\000\040\000o\000n\000l\000i\000n\000e}{chapter.5}% 9
\BOOKMARK [0][-]{chapter.6}{\376\377\000T\000r\000a\000b\000a\000l\000h\000a\000n\000d\000o\000\040\000n\000o\000\040\000R\000S\000t\000u\000d\000i\000o}{}% 10
\BOOKMARK [0][-]{chapter.7}{\376\377\000P\000r\000i\000m\000e\000i\000r\000o\000s\000\040\000e\000x\000e\000r\000c\000\355\000c\000i\000o\000s\000\040\000n\000o\000\040\000R}{}% 11
\BOOKMARK [1][-]{section.7.1}{\376\377\000E\000x\000e\000m\000p\000l\000o\000\040\0001}{chapter.7}% 12
\BOOKMARK [1][-]{section.7.2}{\376\377\000E\000x\000e\000m\000p\000l\000o\000\040\0002}{chapter.7}% 13
\BOOKMARK [1][-]{section.7.3}{\376\377\000E\000x\000e\000m\000p\000l\000o\000\040\0003}{chapter.7}% 14
\BOOKMARK [0][-]{chapter.8}{\376\377\000T\000i\000p\000o\000s\000\040\000d\000e\000\040\000v\000a\000r\000i\000\341\000v\000e\000i\000s}{}% 15
\BOOKMARK [1][-]{section.8.1}{\376\377\000A\000t\000i\000v\000i\000d\000a\000d\000e\000\040\0003}{chapter.8}% 16
\BOOKMARK [0][-]{chapter.9}{\376\377\000E\000s\000t\000a\000t\000\355\000s\000t\000i\000c\000a\000\040\000d\000e\000s\000c\000r\000i\000t\000i\000v\000a}{}% 17
\BOOKMARK [1][-]{section.9.1}{\376\377\000M\000e\000d\000i\000d\000a\000s\000\040\000d\000e\000\040\000t\000e\000n\000d\000\352\000n\000c\000i\000a\000\040\000c\000e\000n\000t\000r\000a\000l\000\040\000\050\000o\000u\000\040\000p\000o\000s\000i\000\347\000\343\000o\000\051}{chapter.9}% 18
\BOOKMARK [1][-]{section.9.2}{\376\377\000M\000e\000d\000i\000d\000a\000s\000\040\000d\000e\000\040\000d\000i\000s\000p\000e\000r\000s\000\343\000o\000\040\000\050\000o\000u\000\040\000v\000a\000r\000i\000a\000b\000i\000l\000i\000d\000a\000d\000e\000\051}{chapter.9}% 19
\BOOKMARK [1][-]{section.9.3}{\376\377\000M\000e\000d\000i\000d\000a\000\040\000r\000e\000l\000a\000t\000i\000v\000a\000\040\000d\000e\000\040\000v\000a\000r\000i\000a\000b\000i\000l\000i\000d\000a\000d\000e}{chapter.9}% 20
\BOOKMARK [1][-]{section.9.4}{\376\377\000F\000u\000n\000\347\000\365\000e\000s\000\040\000d\000o\000\040\000R}{chapter.9}% 21
\BOOKMARK [1][-]{section.9.5}{\376\377\000A\000t\000i\000v\000i\000d\000a\000d\000e\000\040\0004}{chapter.9}% 22
\BOOKMARK [0][-]{chapter.10}{\376\377\000I\000m\000p\000o\000r\000t\000a\000n\000d\000o\000\040\000b\000a\000n\000c\000o\000\040\000d\000e\000\040\000d\000a\000d\000o\000s}{}% 23
\BOOKMARK [1][-]{section.10.1}{\376\377\000I\000m\000p\000o\000r\000t\000a\000n\000d\000o\000\040\000u\000m\000\040\000b\000a\000n\000c\000o\000\040\000c\000s\000v}{chapter.10}% 24
\BOOKMARK [1][-]{section.10.2}{\376\377\000I\000m\000p\000o\000r\000t\000a\000n\000d\000o\000\040\000u\000m\000\040\000b\000a\000n\000c\000o\000\040\000x\000l\000s}{chapter.10}% 25
\BOOKMARK [1][-]{section.10.3}{\376\377\000E\000x\000e\000m\000p\000l\000o\000\040\0001}{chapter.10}% 26
\BOOKMARK [1][-]{section.10.4}{\376\377\000E\000x\000e\000m\000p\000l\000o\000\040\0002}{chapter.10}% 27
\BOOKMARK [1][-]{section.10.5}{\376\377\000E\000x\000e\000m\000p\000l\000o\000\040\0003}{chapter.10}% 28
\BOOKMARK [0][-]{chapter.11}{\376\377\000I\000n\000s\000t\000a\000l\000a\000n\000d\000o\000\040\000p\000a\000c\000o\000t\000e\000s}{}% 29
\BOOKMARK [1][-]{section.11.1}{\376\377\000E\000x\000e\000m\000p\000l\000o\000\040\0001}{chapter.11}% 30
\BOOKMARK [1][-]{section.11.2}{\376\377\000E\000x\000e\000m\000p\000l\000o\000\040\0002}{chapter.11}% 31
\BOOKMARK [1][-]{section.11.3}{\376\377\000E\000x\000e\000m\000p\000l\000o\000\040\0003}{chapter.11}% 32
\BOOKMARK [1][-]{section.11.4}{\376\377\000E\000x\000e\000m\000p\000l\000o\000\040\0004}{chapter.11}% 33
\BOOKMARK [1][-]{section.11.5}{\376\377\000A\000t\000i\000v\000i\000d\000a\000d\000e\000\040\0005}{chapter.11}% 34
\BOOKMARK [0][-]{chapter.12}{\376\377\000G\000r\000\341\000f\000i\000c\000o\000s}{}% 35
\BOOKMARK [1][-]{section.12.1}{\376\377\000H\000i\000s\000t\000o\000g\000r\000a\000m\000a}{chapter.12}% 36
\BOOKMARK [1][-]{section.12.2}{\376\377\000B\000o\000x\000p\000l\000o\000t}{chapter.12}% 37
\BOOKMARK [1][-]{section.12.3}{\376\377\000A\000t\000i\000v\000i\000d\000a\000d\000e\000\040\0006}{chapter.12}% 38
\BOOKMARK [0][-]{chapter.13}{\376\377\000D\000i\000s\000t\000r\000i\000b\000u\000i\000\347\000\343\000o\000\040\000d\000e\000\040\000P\000r\000o\000b\000a\000b\000i\000l\000i\000d\000a\000d\000e\000!}{}% 39
\BOOKMARK [1][-]{section.13.1}{\376\377\000D\000i\000s\000t\000r\000i\000b\000u\000i\000\347\000\343\000o\000\040\000N\000o\000r\000m\000a\000l}{chapter.13}% 40
\BOOKMARK [1][-]{section.13.2}{\376\377\000D\000i\000a\000g\000n\000\363\000s\000t\000i\000c\000o\000\040\000d\000e\000\040\000N\000o\000r\000m\000a\000l\000i\000d\000a\000d\000e\000\040\000\050\000Q\000Q\000\051}{chapter.13}% 41
