This is XeTeX, Version 3.141592653-2.6-0.999996 (TeX Live 2024) (preloaded format=xelatex 2024.9.16)  10 JUL 2025 18:09
entering extended mode
 restricted \write18 enabled.
 %&-line parsing enabled.
**LivroEstatisticaR.tex
(./LivroEstatisticaR.tex
LaTeX2e <2023-11-01> patch level 1
L3 programming layer <2024-02-20>
(/usr/local/texlive/2024/texmf-dist/tex/latex/base/book.cls
Document Class: book 2023/05/17 v1.4n Standard LaTeX document class
(/usr/local/texlive/2024/texmf-dist/tex/latex/base/bk10.clo
File: bk10.clo 2023/05/17 v1.4n Standard LaTeX file (size option)
)
\c@part=\count184
\c@chapter=\count185
\c@section=\count186
\c@subsection=\count187
\c@subsubsection=\count188
\c@paragraph=\count189
\c@subparagraph=\count190
\c@figure=\count191
\c@table=\count192
\abovecaptionskip=\skip48
\belowcaptionskip=\skip49
\bibindent=\dimen140
) (/usr/local/texlive/2024/texmf-dist/tex/latex/amsmath/amsmath.sty
Package: amsmath 2023/05/13 v2.17o AMS math features
\@mathmargin=\skip50
For additional information on amsmath, use the `?' option.
(/usr/local/texlive/2024/texmf-dist/tex/latex/amsmath/amstext.sty
Package: amstext 2021/08/26 v2.01 AMS text
(/usr/local/texlive/2024/texmf-dist/tex/latex/amsmath/amsgen.sty
File: amsgen.sty 1999/11/30 v2.0 generic functions
\@emptytoks=\toks17
\ex@=\dimen141
)) (/usr/local/texlive/2024/texmf-dist/tex/latex/amsmath/amsbsy.sty
Package: amsbsy 1999/11/29 v1.2d Bold Symbols
\pmbraise@=\dimen142
) (/usr/local/texlive/2024/texmf-dist/tex/latex/amsmath/amsopn.sty
Package: amsopn 2022/04/08 v2.04 operator names
)
\inf@bad=\count193
LaTeX Info: Redefining \frac on input line 234.
\uproot@=\count194
\leftroot@=\count195
LaTeX Info: Redefining \overline on input line 399.
LaTeX Info: Redefining \colon on input line 410.
\classnum@=\count196
\DOTSCASE@=\count197
LaTeX Info: Redefining \ldots on input line 496.
LaTeX Info: Redefining \dots on input line 499.
LaTeX Info: Redefining \cdots on input line 620.
\Mathstrutbox@=\box51
\strutbox@=\box52
LaTeX Info: Redefining \big on input line 722.
LaTeX Info: Redefining \Big on input line 723.
LaTeX Info: Redefining \bigg on input line 724.
LaTeX Info: Redefining \Bigg on input line 725.
\big@size=\dimen143
LaTeX Font Info:    Redeclaring font encoding OML on input line 743.
LaTeX Font Info:    Redeclaring font encoding OMS on input line 744.
\macc@depth=\count198
LaTeX Info: Redefining \bmod on input line 905.
LaTeX Info: Redefining \pmod on input line 910.
LaTeX Info: Redefining \smash on input line 940.
LaTeX Info: Redefining \relbar on input line 970.
LaTeX Info: Redefining \Relbar on input line 971.
\c@MaxMatrixCols=\count199
\dotsspace@=\muskip16
\c@parentequation=\count266
\dspbrk@lvl=\count267
\tag@help=\toks18
\row@=\count268
\column@=\count269
\maxfields@=\count270
\andhelp@=\toks19
\eqnshift@=\dimen144
\alignsep@=\dimen145
\tagshift@=\dimen146
\tagwidth@=\dimen147
\totwidth@=\dimen148
\lineht@=\dimen149
\@envbody=\toks20
\multlinegap=\skip51
\multlinetaggap=\skip52
\mathdisplay@stack=\toks21
LaTeX Info: Redefining \[ on input line 2953.
LaTeX Info: Redefining \] on input line 2954.
) (/usr/local/texlive/2024/texmf-dist/tex/latex/amsfonts/amssymb.sty
Package: amssymb 2013/01/14 v3.01 AMS font symbols
(/usr/local/texlive/2024/texmf-dist/tex/latex/amsfonts/amsfonts.sty
Package: amsfonts 2013/01/14 v3.01 Basic AMSFonts support
\symAMSa=\mathgroup4
\symAMSb=\mathgroup5
LaTeX Font Info:    Redeclaring math symbol \hbar on input line 98.
LaTeX Font Info:    Overwriting math alphabet `\mathfrak' in version `bold'
(Font)                  U/euf/m/n --> U/euf/b/n on input line 106.
)) (/usr/local/texlive/2024/texmf-dist/tex/generic/iftex/iftex.sty
Package: iftex 2022/02/03 v1.0f TeX engine tests
) (/usr/local/texlive/2024/texmf-dist/tex/latex/unicode-math/unicode-math.sty (
/usr/local/texlive/2024/texmf-dist/tex/latex/l3kernel/expl3.sty
Package: expl3 2024-02-20 L3 programming layer (loader) 
(/usr/local/texlive/2024/texmf-dist/tex/latex/l3backend/l3backend-xetex.def
File: l3backend-xetex.def 2024-02-20 L3 backend support: XeTeX
\g__graphics_track_int=\count271
\l__pdf_internal_box=\box53
\g__pdf_backend_object_int=\count272
\g__pdf_backend_annotation_int=\count273
\g__pdf_backend_link_int=\count274
))
Package: unicode-math 2023/08/13 v0.8r Unicode maths in XeLaTeX and LuaLaTeX

(/usr/local/texlive/2024/texmf-dist/tex/latex/unicode-math/unicode-math-xetex.s
ty
Package: unicode-math-xetex 2023/08/13 v0.8r Unicode maths in XeLaTeX and LuaLa
TeX
(/usr/local/texlive/2024/texmf-dist/tex/latex/l3packages/xparse/xparse.sty
Package: xparse 2024-02-18 L3 Experimental document command parser
) (/usr/local/texlive/2024/texmf-dist/tex/latex/l3packages/l3keys2e/l3keys2e.st
y
Package: l3keys2e 2024-02-18 LaTeX2e option processing using LaTeX3 keys
) (/usr/local/texlive/2024/texmf-dist/tex/latex/fontspec/fontspec.sty
Package: fontspec 2024/02/13 v2.9a Font selection for XeLaTeX and LuaLaTeX
(/usr/local/texlive/2024/texmf-dist/tex/latex/fontspec/fontspec-xetex.sty
Package: fontspec-xetex 2024/02/13 v2.9a Font selection for XeLaTeX and LuaLaTe
X
\l__fontspec_script_int=\count275
\l__fontspec_language_int=\count276
\l__fontspec_strnum_int=\count277
\l__fontspec_tmp_int=\count278
\l__fontspec_tmpa_int=\count279
\l__fontspec_tmpb_int=\count280
\l__fontspec_tmpc_int=\count281
\l__fontspec_em_int=\count282
\l__fontspec_emdef_int=\count283
\l__fontspec_strong_int=\count284
\l__fontspec_strongdef_int=\count285
\l__fontspec_tmpa_dim=\dimen150
\l__fontspec_tmpb_dim=\dimen151
\l__fontspec_tmpc_dim=\dimen152
(/usr/local/texlive/2024/texmf-dist/tex/latex/base/fontenc.sty
Package: fontenc 2021/04/29 v2.0v Standard LaTeX package
) (/usr/local/texlive/2024/texmf-dist/tex/latex/fontspec/fontspec.cfg))) (/usr/
local/texlive/2024/texmf-dist/tex/latex/base/fix-cm.sty
Package: fix-cm 2020/11/24 v1.1t fixes to LaTeX
(/usr/local/texlive/2024/texmf-dist/tex/latex/base/ts1enc.def
File: ts1enc.def 2001/06/05 v3.0e (jk/car/fm) Standard LaTeX file
LaTeX Font Info:    Redeclaring font encoding TS1 on input line 47.
))
\g__um_fam_int=\count286
\g__um_fonts_used_int=\count287
\l__um_primecount_int=\count288
\g__um_primekern_muskip=\muskip17

(/usr/local/texlive/2024/texmf-dist/tex/latex/unicode-math/unicode-math-table.t
ex))) (/usr/local/texlive/2024/texmf-dist/tex/latex/lm/lmodern.sty
Package: lmodern 2015/05/01 v1.6.1 Latin Modern Fonts
LaTeX Font Info:    Overwriting symbol font `operators' in version `normal'
(Font)                  OT1/cmr/m/n --> OT1/lmr/m/n on input line 22.
LaTeX Font Info:    Overwriting symbol font `letters' in version `normal'
(Font)                  OML/cmm/m/it --> OML/lmm/m/it on input line 23.
LaTeX Font Info:    Overwriting symbol font `symbols' in version `normal'
(Font)                  OMS/cmsy/m/n --> OMS/lmsy/m/n on input line 24.
LaTeX Font Info:    Overwriting symbol font `largesymbols' in version `normal'
(Font)                  OMX/cmex/m/n --> OMX/lmex/m/n on input line 25.
LaTeX Font Info:    Overwriting symbol font `operators' in version `bold'
(Font)                  OT1/cmr/bx/n --> OT1/lmr/bx/n on input line 26.
LaTeX Font Info:    Overwriting symbol font `letters' in version `bold'
(Font)                  OML/cmm/b/it --> OML/lmm/b/it on input line 27.
LaTeX Font Info:    Overwriting symbol font `symbols' in version `bold'
(Font)                  OMS/cmsy/b/n --> OMS/lmsy/b/n on input line 28.
LaTeX Font Info:    Overwriting symbol font `largesymbols' in version `bold'
(Font)                  OMX/cmex/m/n --> OMX/lmex/m/n on input line 29.
LaTeX Font Info:    Overwriting math alphabet `\mathbf' in version `normal'
(Font)                  OT1/cmr/bx/n --> OT1/lmr/bx/n on input line 31.
LaTeX Font Info:    Overwriting math alphabet `\mathsf' in version `normal'
(Font)                  OT1/cmss/m/n --> OT1/lmss/m/n on input line 32.
LaTeX Font Info:    Overwriting math alphabet `\mathit' in version `normal'
(Font)                  OT1/cmr/m/it --> OT1/lmr/m/it on input line 33.
LaTeX Font Info:    Overwriting math alphabet `\mathtt' in version `normal'
(Font)                  OT1/cmtt/m/n --> OT1/lmtt/m/n on input line 34.
LaTeX Font Info:    Overwriting math alphabet `\mathbf' in version `bold'
(Font)                  OT1/cmr/bx/n --> OT1/lmr/bx/n on input line 35.
LaTeX Font Info:    Overwriting math alphabet `\mathsf' in version `bold'
(Font)                  OT1/cmss/bx/n --> OT1/lmss/bx/n on input line 36.
LaTeX Font Info:    Overwriting math alphabet `\mathit' in version `bold'
(Font)                  OT1/cmr/bx/it --> OT1/lmr/bx/it on input line 37.
LaTeX Font Info:    Overwriting math alphabet `\mathtt' in version `bold'
(Font)                  OT1/cmtt/m/n --> OT1/lmtt/m/n on input line 38.
) (/usr/local/texlive/2024/texmf-dist/tex/latex/upquote/upquote.sty
Package: upquote 2012/04/19 v1.3 upright-quote and grave-accent glyphs in verba
tim
(/usr/local/texlive/2024/texmf-dist/tex/latex/base/textcomp.sty
Package: textcomp 2020/02/02 v2.0n Standard LaTeX package
)) (/usr/local/texlive/2024/texmf-dist/tex/latex/microtype/microtype.sty
Package: microtype 2023/03/13 v3.1a Micro-typographical refinements (RS)
(/usr/local/texlive/2024/texmf-dist/tex/latex/graphics/keyval.sty
Package: keyval 2022/05/29 v1.15 key=value parser (DPC)
\KV@toks@=\toks22
) (/usr/local/texlive/2024/texmf-dist/tex/latex/etoolbox/etoolbox.sty
Package: etoolbox 2020/10/05 v2.5k e-TeX tools for LaTeX (JAW)
\etb@tempcnta=\count289
)
\MT@toks=\toks23
\MT@tempbox=\box54
\MT@count=\count290
LaTeX Info: Redefining \noprotrusionifhmode on input line 1059.
LaTeX Info: Redefining \leftprotrusion on input line 1060.
\MT@prot@toks=\toks24
LaTeX Info: Redefining \rightprotrusion on input line 1078.
LaTeX Info: Redefining \textls on input line 1368.
\MT@outer@kern=\dimen153
LaTeX Info: Redefining \textmicrotypecontext on input line 1988.
\MT@listname@count=\count291
(/usr/local/texlive/2024/texmf-dist/tex/latex/microtype/microtype-xetex.def
File: microtype-xetex.def 2023/03/13 v3.1a Definitions specific to xetex (RS)
LaTeX Info: Redefining \lsstyle on input line 238.
)
Package microtype Info: Loading configuration file microtype.cfg.
(/usr/local/texlive/2024/texmf-dist/tex/latex/microtype/microtype.cfg
File: microtype.cfg 2023/03/13 v3.1a microtype main configuration file (RS)
)) (/usr/local/texlive/2024/texmf-dist/tex/latex/parskip/parskip.sty
Package: parskip 2021-03-14 v2.0h non-zero parskip adjustments
(/usr/local/texlive/2024/texmf-dist/tex/latex/kvoptions/kvoptions.sty
Package: kvoptions 2022-06-15 v3.15 Key value format for package options (HO)
(/usr/local/texlive/2024/texmf-dist/tex/generic/ltxcmds/ltxcmds.sty
Package: ltxcmds 2023-12-04 v1.26 LaTeX kernel commands for general use (HO)
) (/usr/local/texlive/2024/texmf-dist/tex/latex/kvsetkeys/kvsetkeys.sty
Package: kvsetkeys 2022-10-05 v1.19 Key value parser (HO)
))) (/usr/local/texlive/2024/texmf-dist/tex/latex/xcolor/xcolor.sty
Package: xcolor 2023/11/15 v3.01 LaTeX color extensions (UK)
(/usr/local/texlive/2024/texmf-dist/tex/latex/graphics-cfg/color.cfg
File: color.cfg 2016/01/02 v1.6 sample color configuration
)
Package xcolor Info: Driver file: xetex.def on input line 274.
(/usr/local/texlive/2024/texmf-dist/tex/latex/graphics-def/xetex.def
File: xetex.def 2022/09/22 v5.0n Graphics/color driver for xetex
) (/usr/local/texlive/2024/texmf-dist/tex/latex/graphics/mathcolor.ltx)
Package xcolor Info: Model `cmy' substituted by `cmy0' on input line 1350.
Package xcolor Info: Model `RGB' extended on input line 1366.
Package xcolor Info: Model `HTML' substituted by `rgb' on input line 1368.
Package xcolor Info: Model `Hsb' substituted by `hsb' on input line 1369.
Package xcolor Info: Model `tHsb' substituted by `hsb' on input line 1370.
Package xcolor Info: Model `HSB' substituted by `hsb' on input line 1371.
Package xcolor Info: Model `Gray' substituted by `gray' on input line 1372.
Package xcolor Info: Model `wave' substituted by `hsb' on input line 1373.
) (/usr/local/texlive/2024/texmf-dist/tex/latex/fancyvrb/fancyvrb.sty
Package: fancyvrb 2024/01/20 4.5c verbatim text (tvz,hv)
\FV@CodeLineNo=\count292
\FV@InFile=\read2
\FV@TabBox=\box55
\c@FancyVerbLine=\count293
\FV@StepNumber=\count294
\FV@OutFile=\write3
) (/usr/local/texlive/2024/texmf-dist/tex/latex/framed/framed.sty
Package: framed 2011/10/22 v 0.96: framed or shaded text with page breaks
\OuterFrameSep=\skip53
\fb@frw=\dimen154
\fb@frh=\dimen155
\FrameRule=\dimen156
\FrameSep=\dimen157
) (/usr/local/texlive/2024/texmf-dist/tex/latex/tools/longtable.sty
Package: longtable 2023-11-01 v4.19 Multi-page Table package (DPC)
\LTleft=\skip54
\LTright=\skip55
\LTpre=\skip56
\LTpost=\skip57
\LTchunksize=\count295
\LTcapwidth=\dimen158
\LT@head=\box56
\LT@firsthead=\box57
\LT@foot=\box58
\LT@lastfoot=\box59
\LT@gbox=\box60
\LT@cols=\count296
\LT@rows=\count297
\c@LT@tables=\count298
\c@LT@chunks=\count299
\LT@p@ftn=\toks25
) (/usr/local/texlive/2024/texmf-dist/tex/latex/booktabs/booktabs.sty
Package: booktabs 2020/01/12 v1.61803398 Publication quality tables
\heavyrulewidth=\dimen159
\lightrulewidth=\dimen160
\cmidrulewidth=\dimen161
\belowrulesep=\dimen162
\belowbottomsep=\dimen163
\aboverulesep=\dimen164
\abovetopsep=\dimen165
\cmidrulesep=\dimen166
\cmidrulekern=\dimen167
\defaultaddspace=\dimen168
\@cmidla=\count300
\@cmidlb=\count301
\@aboverulesep=\dimen169
\@belowrulesep=\dimen170
\@thisruleclass=\count302
\@lastruleclass=\count303
\@thisrulewidth=\dimen171
) (/usr/local/texlive/2024/texmf-dist/tex/latex/tools/array.sty
Package: array 2023/10/16 v2.5g Tabular extension package (FMi)
\col@sep=\dimen172
\ar@mcellbox=\box61
\extrarowheight=\dimen173
\NC@list=\toks26
\extratabsurround=\skip58
\backup@length=\skip59
\ar@cellbox=\box62
) (/usr/local/texlive/2024/texmf-dist/tex/latex/tools/calc.sty
Package: calc 2023/07/08 v4.3 Infix arithmetic (KKT,FJ)
\calc@Acount=\count304
\calc@Bcount=\count305
\calc@Adimen=\dimen174
\calc@Bdimen=\dimen175
\calc@Askip=\skip60
\calc@Bskip=\skip61
LaTeX Info: Redefining \setlength on input line 80.
LaTeX Info: Redefining \addtolength on input line 81.
\calc@Ccount=\count306
\calc@Cskip=\skip62
) (/usr/local/texlive/2024/texmf-dist/tex/latex/footnotehyper/footnotehyper.sty
Package: footnotehyper 2021/08/13 v1.1e hyperref aware footnote.sty (JFB)
\FNH@notes=\box63
\FNH@width=\dimen176
\FNH@toks=\toks27
) (/usr/local/texlive/2024/texmf-dist/tex/latex/graphics/graphicx.sty
Package: graphicx 2021/09/16 v1.2d Enhanced LaTeX Graphics (DPC,SPQR)
(/usr/local/texlive/2024/texmf-dist/tex/latex/graphics/graphics.sty
Package: graphics 2022/03/10 v1.4e Standard LaTeX Graphics (DPC,SPQR)
(/usr/local/texlive/2024/texmf-dist/tex/latex/graphics/trig.sty
Package: trig 2021/08/11 v1.11 sin cos tan (DPC)
) (/usr/local/texlive/2024/texmf-dist/tex/latex/graphics-cfg/graphics.cfg
File: graphics.cfg 2016/06/04 v1.11 sample graphics configuration
)
Package graphics Info: Driver file: xetex.def on input line 107.
)
\Gin@req@height=\dimen177
\Gin@req@width=\dimen178
) (/usr/local/texlive/2024/texmf-dist/tex/latex/amscls/amsthm.sty
Package: amsthm 2020/05/29 v2.20.6
\thm@style=\toks28
\thm@bodyfont=\toks29
\thm@headfont=\toks30
\thm@notefont=\toks31
\thm@headpunct=\toks32
\thm@preskip=\skip63
\thm@postskip=\skip64
\thm@headsep=\skip65
\dth@everypar=\toks33
) (/usr/local/texlive/2024/texmf-dist/tex/latex/base/fontenc.sty
Package: fontenc 2021/04/29 v2.0v Standard LaTeX package
LaTeX Font Info:    Trying to load font information for T1+lmr on input line 11
2.
(/usr/local/texlive/2024/texmf-dist/tex/latex/lm/t1lmr.fd
File: t1lmr.fd 2015/05/01 v1.6.1 Font defs for Latin Modern
)) (/usr/local/texlive/2024/texmf-dist/tex/latex/base/inputenc.sty
Package: inputenc 2021/02/14 v1.3d Input encoding file
\inpenc@prehook=\toks34
\inpenc@posthook=\toks35

Package inputenc Warning: inputenc package ignored with utf8 based engines.

) (/usr/local/texlive/2024/texmf-dist/tex/latex/geometry/geometry.sty
Package: geometry 2020/01/02 v5.9 Page Geometry
(/usr/local/texlive/2024/texmf-dist/tex/generic/iftex/ifvtex.sty
Package: ifvtex 2019/10/25 v1.7 ifvtex legacy package. Use iftex instead.
)
\Gm@cnth=\count307
\Gm@cntv=\count308
\c@Gm@tempcnt=\count309
\Gm@bindingoffset=\dimen179
\Gm@wd@mp=\dimen180
\Gm@odd@mp=\dimen181
\Gm@even@mp=\dimen182
\Gm@layoutwidth=\dimen183
\Gm@layoutheight=\dimen184
\Gm@layouthoffset=\dimen185
\Gm@layoutvoffset=\dimen186
\Gm@dimlist=\toks36
) (/usr/local/texlive/2024/texmf-dist/tex/latex/natbib/natbib.sty
Package: natbib 2010/09/13 8.31b (PWD, AO)
\bibhang=\skip66
\bibsep=\skip67
LaTeX Info: Redefining \cite on input line 694.
\c@NAT@ctr=\count310
) (/usr/local/texlive/2024/texmf-dist/tex/latex/bookmark/bookmark.sty
Package: bookmark 2023-12-10 v1.31 PDF bookmarks (HO)
(/usr/local/texlive/2024/texmf-dist/tex/latex/hyperref/hyperref.sty
Package: hyperref 2024-01-20 v7.01h Hypertext links for LaTeX
(/usr/local/texlive/2024/texmf-dist/tex/generic/kvdefinekeys/kvdefinekeys.sty
Package: kvdefinekeys 2019-12-19 v1.6 Define keys (HO)
) (/usr/local/texlive/2024/texmf-dist/tex/generic/pdfescape/pdfescape.sty
Package: pdfescape 2019/12/09 v1.15 Implements pdfTeX's escape features (HO)
(/usr/local/texlive/2024/texmf-dist/tex/generic/pdftexcmds/pdftexcmds.sty
Package: pdftexcmds 2020-06-27 v0.33 Utility functions of pdfTeX for LuaTeX (HO
)
(/usr/local/texlive/2024/texmf-dist/tex/generic/infwarerr/infwarerr.sty
Package: infwarerr 2019/12/03 v1.5 Providing info/warning/error messages (HO)
)
Package pdftexcmds Info: \pdf@primitive is available.
Package pdftexcmds Info: \pdf@ifprimitive is available.
Package pdftexcmds Info: \pdfdraftmode not found.
)) (/usr/local/texlive/2024/texmf-dist/tex/latex/hycolor/hycolor.sty
Package: hycolor 2020-01-27 v1.10 Color options for hyperref/bookmark (HO)
) (/usr/local/texlive/2024/texmf-dist/tex/latex/auxhook/auxhook.sty
Package: auxhook 2019-12-17 v1.6 Hooks for auxiliary files (HO)
) (/usr/local/texlive/2024/texmf-dist/tex/latex/hyperref/nameref.sty
Package: nameref 2023-11-26 v2.56 Cross-referencing by name of section
(/usr/local/texlive/2024/texmf-dist/tex/latex/refcount/refcount.sty
Package: refcount 2019/12/15 v3.6 Data extraction from label references (HO)
)
(/usr/local/texlive/2024/texmf-dist/tex/generic/gettitlestring/gettitlestring.s
ty
Package: gettitlestring 2019/12/15 v1.6 Cleanup title references (HO)
)
\c@section@level=\count311
)
\@linkdim=\dimen187
\Hy@linkcounter=\count312
\Hy@pagecounter=\count313
(/usr/local/texlive/2024/texmf-dist/tex/latex/hyperref/pd1enc.def
File: pd1enc.def 2024-01-20 v7.01h Hyperref: PDFDocEncoding definition (HO)
) (/usr/local/texlive/2024/texmf-dist/tex/generic/intcalc/intcalc.sty
Package: intcalc 2019/12/15 v1.3 Expandable calculations with integers (HO)
)
\Hy@SavedSpaceFactor=\count314
(/usr/local/texlive/2024/texmf-dist/tex/latex/hyperref/puenc.def
File: puenc.def 2024-01-20 v7.01h Hyperref: PDF Unicode definition (HO)
)
Package hyperref Info: Option `unicode' set `true' on input line 4062.
Package hyperref Info: Hyper figures OFF on input line 4179.
Package hyperref Info: Link nesting OFF on input line 4184.
Package hyperref Info: Hyper index ON on input line 4187.
Package hyperref Info: Plain pages OFF on input line 4194.
Package hyperref Info: Backreferencing OFF on input line 4199.
Package hyperref Info: Implicit mode ON; LaTeX internals redefined.
Package hyperref Info: Bookmarks ON on input line 4446.
\c@Hy@tempcnt=\count315
(/usr/local/texlive/2024/texmf-dist/tex/latex/url/url.sty
\Urlmuskip=\muskip18
Package: url 2013/09/16  ver 3.4  Verb mode for urls, etc.
)
LaTeX Info: Redefining \url on input line 4784.
\XeTeXLinkMargin=\dimen188
(/usr/local/texlive/2024/texmf-dist/tex/generic/bitset/bitset.sty
Package: bitset 2019/12/09 v1.3 Handle bit-vector datatype (HO)
(/usr/local/texlive/2024/texmf-dist/tex/generic/bigintcalc/bigintcalc.sty
Package: bigintcalc 2019/12/15 v1.5 Expandable calculations on big integers (HO
)
))
\Fld@menulength=\count316
\Field@Width=\dimen189
\Fld@charsize=\dimen190
Package hyperref Info: Hyper figures OFF on input line 6063.
Package hyperref Info: Link nesting OFF on input line 6068.
Package hyperref Info: Hyper index ON on input line 6071.
Package hyperref Info: backreferencing OFF on input line 6078.
Package hyperref Info: Link coloring OFF on input line 6083.
Package hyperref Info: Link coloring with OCG OFF on input line 6088.
Package hyperref Info: PDF/A mode OFF on input line 6093.
(/usr/local/texlive/2024/texmf-dist/tex/latex/base/atbegshi-ltx.sty
Package: atbegshi-ltx 2021/01/10 v1.0c Emulation of the original atbegshi
package with kernel methods
)
\Hy@abspage=\count317
\c@Item=\count318
\c@Hfootnote=\count319
)
Package hyperref Info: Driver (autodetected): hxetex.
(/usr/local/texlive/2024/texmf-dist/tex/latex/hyperref/hxetex.def
File: hxetex.def 2024-01-20 v7.01h Hyperref driver for XeTeX
(/usr/local/texlive/2024/texmf-dist/tex/generic/stringenc/stringenc.sty
Package: stringenc 2019/11/29 v1.12 Convert strings between diff. encodings (HO
)
)
\pdfm@box=\box64
\c@Hy@AnnotLevel=\count320
\HyField@AnnotCount=\count321
\Fld@listcount=\count322
\c@bookmark@seq@number=\count323

(/usr/local/texlive/2024/texmf-dist/tex/latex/rerunfilecheck/rerunfilecheck.sty
Package: rerunfilecheck 2022-07-10 v1.10 Rerun checks for auxiliary files (HO)
(/usr/local/texlive/2024/texmf-dist/tex/latex/base/atveryend-ltx.sty
Package: atveryend-ltx 2020/08/19 v1.0a Emulation of the original atveryend pac
kage
with kernel methods
)
(/usr/local/texlive/2024/texmf-dist/tex/generic/uniquecounter/uniquecounter.sty
Package: uniquecounter 2019/12/15 v1.4 Provide unlimited unique counter (HO)
)
Package uniquecounter Info: New unique counter `rerunfilecheck' on input line 2
85.
)
\Hy@SectionHShift=\skip68
) (/usr/local/texlive/2024/texmf-dist/tex/latex/bookmark/bkm-dvipdfm.def
File: bkm-dvipdfm.def 2023-12-10 v1.31 bookmark driver for dvipdfm (HO)
\BKM@id=\count324
)) (/usr/local/texlive/2024/texmf-dist/tex/latex/xurl/xurl.sty
Package: xurl 2022/01/09 v 0.10 modify URL breaks
) (./LivroEstatisticaR.aux)
\openout1 = `LivroEstatisticaR.aux'.

LaTeX Font Info:    Checking defaults for OML/cmm/m/it on input line 136.
LaTeX Font Info:    ... okay on input line 136.
LaTeX Font Info:    Checking defaults for OMS/cmsy/m/n on input line 136.
LaTeX Font Info:    ... okay on input line 136.
LaTeX Font Info:    Checking defaults for OT1/cmr/m/n on input line 136.
LaTeX Font Info:    ... okay on input line 136.
LaTeX Font Info:    Checking defaults for T1/cmr/m/n on input line 136.
LaTeX Font Info:    ... okay on input line 136.
LaTeX Font Info:    Checking defaults for TS1/cmr/m/n on input line 136.
LaTeX Font Info:    ... okay on input line 136.
LaTeX Font Info:    Checking defaults for TU/lmr/m/n on input line 136.
LaTeX Font Info:    ... okay on input line 136.
LaTeX Font Info:    Checking defaults for OMX/cmex/m/n on input line 136.
LaTeX Font Info:    ... okay on input line 136.
LaTeX Font Info:    Checking defaults for U/cmr/m/n on input line 136.
LaTeX Font Info:    ... okay on input line 136.
LaTeX Font Info:    Checking defaults for PD1/pdf/m/n on input line 136.
LaTeX Font Info:    ... okay on input line 136.
LaTeX Font Info:    Checking defaults for PU/pdf/m/n on input line 136.
LaTeX Font Info:    ... okay on input line 136.
LaTeX Font Info:    Overwriting math alphabet `\mathrm' in version `normal'
(Font)                  OT1/lmr/m/n --> TU/lmr/m/n on input line 136.
LaTeX Font Info:    Overwriting math alphabet `\mathit' in version `normal'
(Font)                  OT1/lmr/m/it --> TU/lmr/m/it on input line 136.
LaTeX Font Info:    Overwriting math alphabet `\mathbf' in version `normal'
(Font)                  OT1/lmr/bx/n --> TU/lmr/bx/n on input line 136.
LaTeX Font Info:    Overwriting math alphabet `\mathsf' in version `normal'
(Font)                  OT1/lmss/m/n --> TU/lmss/m/n on input line 136.
LaTeX Font Info:    Overwriting math alphabet `\mathsf' in version `bold'
(Font)                  OT1/lmss/bx/n --> TU/lmss/bx/n on input line 136.
LaTeX Font Info:    Overwriting math alphabet `\mathtt' in version `normal'
(Font)                  OT1/lmtt/m/n --> TU/lmtt/m/n on input line 136.
LaTeX Font Info:    Overwriting math alphabet `\mathtt' in version `bold'
(Font)                  OT1/lmtt/m/n --> TU/lmtt/bx/n on input line 136.

Package fontspec Info: latinmodern-math scale = 0.9989520677190833.


Package fontspec Info: latinmodern-math scale = 0.9989520677190833.


Package fontspec Info: latinmodern-math scale = 0.9989520677190833.


Package fontspec Info: Font family 'latinmodern-math.otf(0)' created for font
(fontspec)             'latinmodern-math.otf' with options
(fontspec)             [Scale=MatchLowercase,BoldItalicFont={},ItalicFont={},Sm
allCapsFont={},Script=Math,BoldFont={latinmodern-math.otf}].
(fontspec)              
(fontspec)              This font family consists of the following NFSS
(fontspec)             series/shapes:
(fontspec)              
(fontspec)             - 'normal' (m/n) with NFSS spec.:
(fontspec)             <->s*[0.9989520677190833]"[latinmodern-math.otf]/OT:scri
pt=math;language=dflt;"
(fontspec)             - 'small caps'  (m/sc) with NFSS spec.: 
(fontspec)             - 'bold' (b/n) with NFSS spec.:
(fontspec)             <->s*[0.9989520677190833]"[latinmodern-math.otf]/OT:scri
pt=math;language=dflt;"
(fontspec)             - 'bold small caps'  (b/sc) with NFSS spec.: 

LaTeX Font Info:    Trying to load font information for T1+latinmodern-math.otf
(0) on input line 136.
LaTeX Font Info:    No file T1latinmodern-math.otf(0).fd. on input line 136.

LaTeX Font Warning: Font shape `T1/latinmodern-math.otf(0)/m/n' undefined
(Font)              using `T1/cmr/m/n' instead on input line 136.


Package unicode-math Warning: The first font loaded by unicode-math must be an
(unicode-math)                OpenType Math font (with script=math). If you
(unicode-math)                simply want ‘the default’ before loading
(unicode-math)                supplementary fonts over the top for certain
(unicode-math)                ranges, use: 
(unicode-math)                  \setmathfont{latinmodern-math.otf}


Package fontspec Info: latinmodern-math scale = 0.9989520677190833.


Package fontspec Info: latinmodern-math scale = 0.9989520677190833.


Package fontspec Info: latinmodern-math scale = 0.9989520677190833.


Package fontspec Info: latinmodern-math scale = 0.9989520677190833.


Package fontspec Info: latinmodern-math scale = 0.9989520677190833.


Package fontspec Info: Font family 'latinmodern-math.otf(1)' created for font
(fontspec)             'latinmodern-math.otf' with options
(fontspec)             [Scale=MatchLowercase,BoldItalicFont={},ItalicFont={},Sm
allCapsFont={},Script=Math,SizeFeatures={{Size=0-},{Size=0-0,Font=latinmodern-m
ath.otf,Style=MathScript},{Size=-0,Font=latinmodern-math.otf,Style=MathScriptSc
ript}},BoldFont={latinmodern-math.otf}].
(fontspec)              
(fontspec)              This font family consists of the following NFSS
(fontspec)             series/shapes:
(fontspec)              
(fontspec)             - 'normal' (m/n) with NFSS spec.:
(fontspec)             <0->s*[0.9989520677190833]"[latinmodern-math.otf]/OT:scr
ipt=math;language=dflt;"<0-0>s*[0.9989520677190833]"[latinmodern-math.otf]/OT:s
cript=math;language=dflt;+ssty=0;"<-0>s*[0.9989520677190833]"[latinmodern-math.
otf]/OT:script=math;language=dflt;+ssty=1;"
(fontspec)             - 'small caps'  (m/sc) with NFSS spec.: 
(fontspec)             - 'bold' (b/n) with NFSS spec.:
(fontspec)             <->s*[0.9989520677190833]"[latinmodern-math.otf]/OT:scri
pt=math;language=dflt;"
(fontspec)             - 'bold small caps'  (b/sc) with NFSS spec.: 

LaTeX Font Info:    Trying to load font information for T1+latinmodern-math.otf
(1) on input line 136.
LaTeX Font Info:    No file T1latinmodern-math.otf(1).fd. on input line 136.

LaTeX Font Warning: Font shape `T1/latinmodern-math.otf(1)/m/n' undefined
(Font)              using `T1/cmr/m/n' instead on input line 136.

LaTeX Font Info:    Encoding `OT1' has changed to `T1' for symbol font
(Font)              `operators' in the math version `normal' on input line 136.

LaTeX Font Info:    Overwriting symbol font `operators' in version `normal'
(Font)                  OT1/lmr/m/n --> T1/latinmodern-math.otf(1)/m/n on input
 line 136.
LaTeX Font Info:    Encoding `OT1' has changed to `T1' for symbol font
(Font)              `operators' in the math version `bold' on input line 136.
LaTeX Font Info:    Overwriting symbol font `operators' in version `bold'
(Font)                  OT1/lmr/bx/n --> T1/latinmodern-math.otf(1)/b/n on inpu
t line 136.
LaTeX Info: Redefining \microtypecontext on input line 136.
Package microtype Info: Applying patch `item' on input line 136.
Package microtype Info: Applying patch `toc' on input line 136.
Package microtype Info: Applying patch `eqnum' on input line 136.
Package microtype Info: Applying patch `footnote' on input line 136.
Package microtype Info: Applying patch `verbatim' on input line 136.
Package microtype Info: Character protrusion enabled (level 2).
Package microtype Info: Using protrusion set `basicmath'.
Package microtype Info: No adjustment of tracking.
Package microtype Info: No adjustment of spacing.
Package microtype Info: No adjustment of kerning.

(/usr/local/texlive/2024/texmf-dist/tex/latex/microtype/mt-LatinModernRoman.cfg
File: mt-LatinModernRoman.cfg 2021/02/21 v1.1 microtype config. file: Latin Mod
ern Roman (RS)
)
Package microtype Info: Loading generic protrusion settings for font family
(microtype)             `lmr' (encoding: T1).
(microtype)             For optimal results, create family-specific settings.
(microtype)             See the microtype manual for details.
*geometry* driver: auto-detecting
*geometry* detected driver: xetex
*geometry* verbose mode - [ preamble ] result:
* driver: xetex
* paper: <default>
* layout: <same size as paper>
* layoutoffset:(h,v)=(0.0pt,0.0pt)
* modes: twoside 
* h-part:(L,W,R)=(85.35826pt, 472.03123pt, 56.9055pt)
* v-part:(T,H,B)=(56.9055pt, 681.15898pt, 56.9055pt)
* \paperwidth=614.295pt
* \paperheight=794.96999pt
* \textwidth=472.03123pt
* \textheight=681.15898pt
* \oddsidemargin=13.08827pt
* \evensidemargin=-15.36449pt
* \topmargin=-45.43198pt
* \headheight=12.0pt
* \headsep=18.06749pt
* \topskip=10.0pt
* \footskip=25.29494pt
* \marginparwidth=125.0pt
* \marginparsep=7.0pt
* \columnsep=10.0pt
* \skip\footins=9.0pt plus 4.0pt minus 2.0pt
* \hoffset=0.0pt
* \voffset=0.0pt
* \mag=1000
* \@twocolumnfalse
* \@twosidetrue
* \@mparswitchtrue
* \@reversemarginfalse
* (1in=72.27pt=25.4mm, 1cm=28.453pt)

Package hyperref Info: Link coloring OFF on input line 136.
LaTeX Font Info:    Trying to load font information for OML+lmm on input line 1
38.
(/usr/local/texlive/2024/texmf-dist/tex/latex/lm/omllmm.fd
File: omllmm.fd 2015/05/01 v1.6.1 Font defs for Latin Modern
)
LaTeX Font Info:    Trying to load font information for OMS+lmsy on input line 
138.
(/usr/local/texlive/2024/texmf-dist/tex/latex/lm/omslmsy.fd
File: omslmsy.fd 2015/05/01 v1.6.1 Font defs for Latin Modern
)
LaTeX Font Info:    Trying to load font information for OMX+lmex on input line 
138.
(/usr/local/texlive/2024/texmf-dist/tex/latex/lm/omxlmex.fd
File: omxlmex.fd 2015/05/01 v1.6.1 Font defs for Latin Modern
)
LaTeX Font Info:    External font `lmex10' loaded for size
(Font)              <12> on input line 138.
LaTeX Font Info:    External font `lmex10' loaded for size
(Font)              <8> on input line 138.
LaTeX Font Info:    External font `lmex10' loaded for size
(Font)              <6> on input line 138.
LaTeX Font Info:    Trying to load font information for U+msa on input line 138
.
(/usr/local/texlive/2024/texmf-dist/tex/latex/amsfonts/umsa.fd
File: umsa.fd 2013/01/14 v3.01 AMS symbols A
) (/usr/local/texlive/2024/texmf-dist/tex/latex/microtype/mt-msa.cfg
File: mt-msa.cfg 2006/02/04 v1.1 microtype config. file: AMS symbols (a) (RS)
)
LaTeX Font Info:    Trying to load font information for U+msb on input line 138
.
(/usr/local/texlive/2024/texmf-dist/tex/latex/amsfonts/umsb.fd
File: umsb.fd 2013/01/14 v3.01 AMS symbols B
) (/usr/local/texlive/2024/texmf-dist/tex/latex/microtype/mt-msb.cfg
File: mt-msb.cfg 2005/06/01 v1.0 microtype config. file: AMS symbols (b) (RS)
) [1


] [2

] (./LivroEstatisticaR.toc
LaTeX Font Info:    External font `lmex10' loaded for size
(Font)              <10> on input line 3.
LaTeX Font Info:    External font `lmex10' loaded for size
(Font)              <7> on input line 3.
LaTeX Font Info:    External font `lmex10' loaded for size
(Font)              <5> on input line 3.
[3]
LaTeX Font Info:    Trying to load font information for T1+lmtt on input line 8
4.
(/usr/local/texlive/2024/texmf-dist/tex/latex/lm/t1lmtt.fd
File: t1lmtt.fd 2015/05/01 v1.6.1 Font defs for Latin Modern
)
LaTeX Font Info:    Font shape `T1/lmtt/bx/n' in size <10> not available
(Font)              Font shape `T1/lmtt/b/n' tried instead on input line 84.
[4])
\tf@toc=\write4
\openout4 = `LivroEstatisticaR.toc'.

[5] [6

]
Chapter 1.
[7] [8

]
Chapter 2.
[9] [10]
Chapter 3.
[11

] [12] [13] [14

]
Chapter 4.
Missing character: There is no ⋅ ("22C5) in font ecrm1000!
Missing character: There is no ⋅ ("22C5) in font ecrm1000!
Missing character: There is no − ("2212) in font ecrm1000!
Missing character: There is no ⋅ ("22C5) in font ecrm1000!
Missing character: There is no ⋅ ("22C5) in font ecrm1000!
Missing character: There is no − ("2212) in font ecrm1000!
[15] [16] [17] [18

]
Chapter 5.
[19] [20] [21] [22

]
Chapter 6.
[23]
File: telaRStudio.png Graphic file (type bmp)
<telaRStudio.png>
File: telaPosit.png Graphic file (type bmp)
<telaPosit.png>
File: telaCriarProjetoRStudio.png Graphic file (type bmp)
<telaCriarProjetoRStudio.png>
File: telaRStudioPosit.png Graphic file (type bmp)
<telaRStudioPosit.png>
[24] [25] [26]
Chapter 7.
File: telaRStudio123.png Graphic file (type bmp)
<telaRStudio123.png>
File: arquivoScript.png Graphic file (type bmp)
<arquivoScript.png>
File: telaScript.png Graphic file (type bmp)
<telaScript.png>
[27

] [28] [29] [30

]
Chapter 8.
File: telaExemplo1.png Graphic file (type bmp)
<telaExemplo1.png>
File: telaValorMemoria.png Graphic file (type bmp)
<telaValorMemoria.png>
[31] [32]
File: telaRespostaConsole.png Graphic file (type bmp)
<telaRespostaConsole.png>
[33] [34

]
Chapter 9.
[35]
Underfull \hbox (badness 10000) in paragraph at lines 1211--1213

 []

[36]
Chapter 10.

Underfull \hbox (badness 10000) in paragraph at lines 1235--1237

 []


Underfull \hbox (badness 10000) in paragraph at lines 1237--1239

 []


Underfull \hbox (badness 10000) in paragraph at lines 1251--1253

 []


Underfull \hbox (badness 10000) in paragraph at lines 1253--1255

 []


Underfull \hbox (badness 10000) in paragraph at lines 1267--1269

 []


Underfull \hbox (badness 10000) in paragraph at lines 1269--1271

 []


Underfull \hbox (badness 10000) in paragraph at lines 1283--1285

 []

[37

]
Underfull \hbox (badness 10000) in paragraph at lines 1285--1287

 []


Underfull \hbox (badness 10000) in paragraph at lines 1307--1309

 []


Underfull \hbox (badness 10000) in paragraph at lines 1309--1311

 []


Underfull \hbox (badness 10000) in paragraph at lines 1323--1325

 []


Underfull \hbox (badness 10000) in paragraph at lines 1325--1327

 []


Underfull \hbox (badness 10000) in paragraph at lines 1343--1345

 []


Underfull \hbox (badness 10000) in paragraph at lines 1345--1347

 []


Underfull \hbox (badness 10000) in paragraph at lines 1358--1360

 []


Underfull \hbox (badness 10000) in paragraph at lines 1360--1362

 []

[38]
Underfull \hbox (badness 10000) in paragraph at lines 1378--1380

 []


Underfull \hbox (badness 10000) in paragraph at lines 1380--1382

 []

[39] [40]
Chapter 11.
File: telaImportDataset.png Graphic file (type bmp)
<telaImportDataset.png>
[41

]
File: telaImportBrowser.png Graphic file (type bmp)
<telaImportBrowser.png>
File: telaImportObjetoData.png Graphic file (type bmp)
<telaImportObjetoData.png>
[42]
File: telaImportDataset.png Graphic file (type bmp)
<telaImportDataset.png>
File: telaImportPacote.png Graphic file (type bmp)
<telaImportPacote.png>
[43] [44]
Chapter 12.
[45

]
LaTeX Font Info:    Trying to load font information for TS1+lmtt on input line 
1818.
(/usr/local/texlive/2024/texmf-dist/tex/latex/lm/ts1lmtt.fd
File: ts1lmtt.fd 2015/05/01 v1.6.1 Font defs for Latin Modern
) [46] [47] [48

]
Chapter 13.
File: LivroEstatisticaR_files/figure-latex/unnamed-chunk-14-1.pdf Graphic file 
(type pdf)
<use LivroEstatisticaR_files/figure-latex/unnamed-chunk-14-1.pdf>

Underfull \vbox (badness 10000) has occurred while \output is active []

[49]
File: LivroEstatisticaR_files/figure-latex/unnamed-chunk-15-1.pdf Graphic file 
(type pdf)
<use LivroEstatisticaR_files/figure-latex/unnamed-chunk-15-1.pdf>
[50]
Missing character: There is no ∑ ("2211) in font ecrm1000!
[51]
File: LivroEstatisticaR_files/figure-latex/unnamed-chunk-18-1.pdf Graphic file 
(type pdf)
<use LivroEstatisticaR_files/figure-latex/unnamed-chunk-18-1.pdf>
File: Boxplotexemplo.png Graphic file (type bmp)
<Boxplotexemplo.png>
[52]
File: LivroEstatisticaR_files/figure-latex/unnamed-chunk-20-1.pdf Graphic file 
(type pdf)
<use LivroEstatisticaR_files/figure-latex/unnamed-chunk-20-1.pdf>
File: LivroEstatisticaR_files/figure-latex/unnamed-chunk-21-1.pdf Graphic file 
(type pdf)
<use LivroEstatisticaR_files/figure-latex/unnamed-chunk-21-1.pdf>

Underfull \vbox (badness 10000) has occurred while \output is active []

[53]
File: LivroEstatisticaR_files/figure-latex/unnamed-chunk-22-1.pdf Graphic file 
(type pdf)
<use LivroEstatisticaR_files/figure-latex/unnamed-chunk-22-1.pdf>
File: LivroEstatisticaR_files/figure-latex/unnamed-chunk-22-2.pdf Graphic file 
(type pdf)
<use LivroEstatisticaR_files/figure-latex/unnamed-chunk-22-2.pdf>

Overfull \hbox (306.09946pt too wide) in paragraph at lines 2051--2052
[][] [] 
 []

[54]
Chapter 14.
LaTeX Font Info:    Font shape `T1/lmtt/bx/n' in size <24.88> not available
(Font)              Font shape `T1/lmtt/b/n' tried instead on input line 2062.
File: LivroEstatisticaR_files/figure-latex/ggplotIris-1.pdf Graphic file (type 
pdf)
<use LivroEstatisticaR_files/figure-latex/ggplotIris-1.pdf>
[55

]
File: LivroEstatisticaR_files/figure-latex/ggbarIris-1.pdf Graphic file (type p
df)
<use LivroEstatisticaR_files/figure-latex/ggbarIris-1.pdf>

Underfull \vbox (badness 10000) has occurred while \output is active []

[56]
File: LivroEstatisticaR_files/figure-latex/gghistIris-1.pdf Graphic file (type 
pdf)
<use LivroEstatisticaR_files/figure-latex/gghistIris-1.pdf>

Underfull \vbox (badness 10000) has occurred while \output is active []

[57]
File: LivroEstatisticaR_files/figure-latex/ggboxplotIris-1.pdf Graphic file (ty
pe pdf)
<use LivroEstatisticaR_files/figure-latex/ggboxplotIris-1.pdf>

Underfull \vbox (badness 10000) has occurred while \output is active []

[58] [59] [60

]
Chapter 15.
Missing character: There is no μ ("3BC) in font ec-lmbx10!
Missing character: There is no σ ("3C3) in font ec-lmbx10!
[61]
File: normalTeorica.png Graphic file (type bmp)
<normalTeorica.png>
Missing character: There is no 𝜇 ("1D707) in font ecrm1000!
Missing character: There is no 𝜎 ("1D70E) in font ecrm1000!
Missing character: There is no μ ("3BC) in font ec-lmr10!
Missing character: There is no σ ("3C3) in font ec-lmr10!
Missing character: There is no μ ("3BC) in font ec-lmr10!
Missing character: There is no σ ("3C3) in font ec-lmr10!
Missing character: There is no μ ("3BC) in font ec-lmr10!
Missing character: There is no σ ("3C3) in font ec-lmr10!
Missing character: There is no μ ("3BC) in font ec-lmr10!
Missing character: There is no σ ("3C3) in font ec-lmr10!
File: LivroEstatisticaR_files/figure-latex/unnamed-chunk-23-1.pdf Graphic file 
(type pdf)
<use LivroEstatisticaR_files/figure-latex/unnamed-chunk-23-1.pdf>

Underfull \vbox (badness 1810) has occurred while \output is active []

[62]
File: LivroEstatisticaR_files/figure-latex/unnamed-chunk-23-2.pdf Graphic file 
(type pdf)
<use LivroEstatisticaR_files/figure-latex/unnamed-chunk-23-2.pdf>

Underfull \vbox (badness 10000) has occurred while \output is active []

[63] [64]
Missing character: There is no μ ("3BC) in font ec-lmr10!
Missing character: There is no σ ("3C3) in font ec-lmr10!
Missing character: There is no − ("2212) in font ecrm1000!
Missing character: There is no 𝜇 ("1D707) in font ecrm1000!
Missing character: There is no 𝜎 ("1D70E) in font ecrm1000!
[65]
Missing character: There is no 𝜇 ("1D707) in font ecrm1000!
Missing character: There is no 𝜎 ("1D70E) in font ecrm1000!
File: LivroEstatisticaR_files/figure-latex/unnamed-chunk-32-1.pdf Graphic file 
(type pdf)
<use LivroEstatisticaR_files/figure-latex/unnamed-chunk-32-1.pdf>
[66]
File: LivroEstatisticaR_files/figure-latex/unnamed-chunk-33-1.pdf Graphic file 
(type pdf)
<use LivroEstatisticaR_files/figure-latex/unnamed-chunk-33-1.pdf>
File: LivroEstatisticaR_files/figure-latex/unnamed-chunk-33-2.pdf Graphic file 
(type pdf)
<use LivroEstatisticaR_files/figure-latex/unnamed-chunk-33-2.pdf>

Underfull \vbox (badness 10000) has occurred while \output is active []

[67] [68]
Chapter 16.
File: LivroEstatisticaR_files/figure-latex/binomialDist-1.pdf Graphic file (typ
e pdf)
<use LivroEstatisticaR_files/figure-latex/binomialDist-1.pdf>
[69

]
File: LivroEstatisticaR_files/figure-latex/poissonDist-1.pdf Graphic file (type
 pdf)
<use LivroEstatisticaR_files/figure-latex/poissonDist-1.pdf>
File: LivroEstatisticaR_files/figure-latex/geometricaDist-1.pdf Graphic file (t
ype pdf)
<use LivroEstatisticaR_files/figure-latex/geometricaDist-1.pdf>

Underfull \vbox (badness 10000) has occurred while \output is active []

[70]
File: LivroEstatisticaR_files/figure-latex/normal_plot_Dist-1.pdf Graphic file 
(type pdf)
<use LivroEstatisticaR_files/figure-latex/normal_plot_Dist-1.pdf>

Underfull \vbox (badness 10000) has occurred while \output is active []

[71]
File: LivroEstatisticaR_files/figure-latex/exponencialDist-1.pdf Graphic file (
type pdf)
<use LivroEstatisticaR_files/figure-latex/exponencialDist-1.pdf>

Underfull \vbox (badness 10000) has occurred while \output is active []

[72]
File: LivroEstatisticaR_files/figure-latex/uniformeDist-1.pdf Graphic file (typ
e pdf)
<use LivroEstatisticaR_files/figure-latex/uniformeDist-1.pdf>

Underfull \vbox (badness 10000) has occurred while \output is active []

[73]
File: LivroEstatisticaR_files/figure-latex/studentDist-1.pdf Graphic file (type
 pdf)
<use LivroEstatisticaR_files/figure-latex/studentDist-1.pdf>

Underfull \vbox (badness 10000) has occurred while \output is active []

[74]
Missing character: There is no χ ("3C7) in font ec-lmbx12!
File: LivroEstatisticaR_files/figure-latex/chisqDist-1.pdf Graphic file (type p
df)
<use LivroEstatisticaR_files/figure-latex/chisqDist-1.pdf>

Underfull \vbox (badness 10000) has occurred while \output is active []

[75]
File: LivroEstatisticaR_files/figure-latex/fisherDist-1.pdf Graphic file (type 
pdf)
<use LivroEstatisticaR_files/figure-latex/fisherDist-1.pdf>

Underfull \vbox (badness 10000) has occurred while \output is active []

[76] [77] [78

]
Chapter 17.
File: LivroEstatisticaR_files/figure-latex/enormalDist-1.pdf Graphic file (type
 pdf)
<use LivroEstatisticaR_files/figure-latex/enormalDist-1.pdf>

Underfull \vbox (badness 10000) has occurred while \output is active []

[79]
File: LivroEstatisticaR_files/figure-latex/enormalDist-2.pdf Graphic file (type
 pdf)
<use LivroEstatisticaR_files/figure-latex/enormalDist-2.pdf>
File: LivroEstatisticaR_files/figure-latex/enormalDist-3.pdf Graphic file (type
 pdf)
<use LivroEstatisticaR_files/figure-latex/enormalDist-3.pdf>

Underfull \vbox (badness 10000) has occurred while \output is active []

[80]
File: LivroEstatisticaR_files/figure-latex/duvidosaDist-1.pdf Graphic file (typ
e pdf)
<use LivroEstatisticaR_files/figure-latex/duvidosaDist-1.pdf>

Underfull \vbox (badness 10000) has occurred while \output is active []

[81]
File: LivroEstatisticaR_files/figure-latex/duvidosaDist-2.pdf Graphic file (typ
e pdf)
<use LivroEstatisticaR_files/figure-latex/duvidosaDist-2.pdf>
File: LivroEstatisticaR_files/figure-latex/duvidosaDist-3.pdf Graphic file (typ
e pdf)
<use LivroEstatisticaR_files/figure-latex/duvidosaDist-3.pdf>

Underfull \vbox (badness 10000) has occurred while \output is active []

[82]
File: LivroEstatisticaR_files/figure-latex/nnormalDist-1.pdf Graphic file (type
 pdf)
<use LivroEstatisticaR_files/figure-latex/nnormalDist-1.pdf>

Underfull \vbox (badness 10000) has occurred while \output is active []

[83]
File: LivroEstatisticaR_files/figure-latex/nnormalDist-2.pdf Graphic file (type
 pdf)
<use LivroEstatisticaR_files/figure-latex/nnormalDist-2.pdf>
File: LivroEstatisticaR_files/figure-latex/nnormalDist-3.pdf Graphic file (type
 pdf)
<use LivroEstatisticaR_files/figure-latex/nnormalDist-3.pdf>

Underfull \vbox (badness 10000) has occurred while \output is active []

[84]
File: LivroEstatisticaR_files/figure-latex/dados_repetidos_dist-1.pdf Graphic f
ile (type pdf)
<use LivroEstatisticaR_files/figure-latex/dados_repetidos_dist-1.pdf>

Underfull \vbox (badness 10000) has occurred while \output is active []


Overfull \hbox (91.8216pt too wide) has occurred while \output is active
\T1/lmr/m/sl/10 17.4.  DADOS COM FORTE CONCENTRAÇÃO DE REPETIÇÃO DE VALOR (NÃO 
SEGUEM DISTRIBUIÇÃO NORMAL) \T1/lmr/m/n/10 85
 []

[85]
File: LivroEstatisticaR_files/figure-latex/dados_repetidos_dist-2.pdf Graphic f
ile (type pdf)
<use LivroEstatisticaR_files/figure-latex/dados_repetidos_dist-2.pdf>
File: LivroEstatisticaR_files/figure-latex/dados_repetidos_dist-3.pdf Graphic f
ile (type pdf)
<use LivroEstatisticaR_files/figure-latex/dados_repetidos_dist-3.pdf>

Underfull \vbox (badness 10000) has occurred while \output is active []

[86]
Overfull \hbox (91.8216pt too wide) has occurred while \output is active
\T1/lmr/m/sl/10 17.4.  DADOS COM FORTE CONCENTRAÇÃO DE REPETIÇÃO DE VALOR (NÃO 
SEGUEM DISTRIBUIÇÃO NORMAL) \T1/lmr/m/n/10 87
 []

[87] [88

]
Chapter 18.
Missing character: There is no ₀ ("2080) in font ec-lmbx10!
Missing character: There is no ₁ ("2081) in font ec-lmbx10!
Missing character: There is no α ("3B1) in font ec-lmbx10!
Missing character: There is no ₀ ("2080) in font ec-lmr10!
Missing character: There is no ₀ ("2080) in font ec-lmr10!
Missing character: There is no α ("3B1) in font ec-lmr10!
Missing character: There is no ₀ ("2080) in font ec-lmr10!
Missing character: There is no ₀ ("2080) in font ec-lmbx10!
Missing character: There is no ₁ ("2081) in font ec-lmbx10!
Missing character: There is no α ("3B1) in font ec-lmbx10!
Missing character: There is no α ("3B1) in font ec-lmr10!
Missing character: There is no ₀ ("2080) in font ec-lmbx10!
[89]
Missing character: There is no α ("3B1) in font ec-lmbx10!
Missing character: There is no ₀ ("2080) in font ec-lmbx10!
Missing character: There is no α ("3B1) in font ec-lmbx10!
Missing character: There is no β ("3B2) in font ec-lmbx10!
Missing character: There is no ₀ ("2080) in font ec-lmbx10!
Missing character: There is no β ("3B2) in font ec-lmbx10!
Missing character: There is no ₀ ("2080) in font ec-lmbx10!
Missing character: There is no ₀ ("2080) in font ec-lmbx10!

Underfull \hbox (badness 10000) in paragraph at lines 3055--3057

 []

Missing character: There is no β ("3B2) in font ec-lmbx10!
Missing character: There is no ₀ ("2080) in font ec-lmr10!
Missing character: There is no ₀ ("2080) in font ec-lmr10!
Missing character: There is no ₀ ("2080) in font ec-lmr10!
Missing character: There is no α ("3B1) in font ec-lmri10!
Missing character: There is no ₀ ("2080) in font ec-lmr10!
Missing character: There is no β ("3B2) in font ec-lmri10!
Missing character: There is no ₀ ("2080) in font ec-lmr10!
Missing character: There is no ₀ ("2080) in font ec-lmr10!
[90]
Missing character: There is no ≈ ("2248) in font ec-lmr10!
Missing character: There is no ≈ ("2248) in font ec-lmr10!
Missing character: There is no ≥ ("2265) in font ec-lmr10!
Missing character: There is no ≈ ("2248) in font ec-lmr10!
Missing character: There is no ≈ ("2248) in font ec-lmr10!
Missing character: There is no ≥ ("2265) in font ec-lmr10!
Missing character: There is no ≈ ("2248) in font ec-lmr10!
Missing character: There is no ≈ ("2248) in font ec-lmr10!
Missing character: There is no ≥ ("2265) in font ec-lmr10!
[91] [92]
Chapter 19.
[93

] [94]
Chapter 20.
File: LivroEstatisticaR_files/figure-latex/fluxograma2gr-1.pdf Graphic file (ty
pe pdf)
<use LivroEstatisticaR_files/figure-latex/fluxograma2gr-1.pdf>
Missing character: There is no ₀ ("2080) in font ec-lmr10!
Missing character: There is no ₀ ("2080) in font ec-lmr10!
Missing character: There is no ₀ ("2080) in font ec-lmr10!
Missing character: There is no ₁ ("2081) in font ec-lmr10!
Missing character: There is no ₁ ("2081) in font ec-lmr10!
Missing character: There is no ₁ ("2081) in font ec-lmr10!
[95

]
Missing character: There is no ₀ ("2080) in font ec-lmr10!
Missing character: There is no ₀ ("2080) in font ec-lmr10!
Missing character: There is no ₀ ("2080) in font ec-lmr10!
Missing character: There is no ₀ ("2080) in font ec-lmr10!
Missing character: There is no ₁ ("2081) in font ec-lmr10!
Missing character: There is no ₁ ("2081) in font ec-lmr10!
Missing character: There is no ₁ ("2081) in font ec-lmr10!
[96]
Missing character: There is no ₀ ("2080) in font ec-lmr10!
Missing character: There is no ₀ ("2080) in font ec-lmr10!
Missing character: There is no ₀ ("2080) in font ec-lmr10!
Missing character: There is no ₁ ("2081) in font ec-lmr10!
Missing character: There is no ₁ ("2081) in font ec-lmr10!
Missing character: There is no ₁ ("2081) in font ec-lmr10!
[97]
Missing character: There is no ₀ ("2080) in font ec-lmr10!
Missing character: There is no ₀ ("2080) in font ec-lmr10!
Missing character: There is no ₀ ("2080) in font ec-lmr10!
Missing character: There is no ₁ ("2081) in font ec-lmr10!
Missing character: There is no ₁ ("2081) in font ec-lmr10!
Missing character: There is no ₁ ("2081) in font ec-lmr10!
Missing character: There is no ₀ ("2080) in font ec-lmr10!
Missing character: There is no ₀ ("2080) in font ec-lmr10!
Missing character: There is no ₀ ("2080) in font ec-lmr10!
Missing character: There is no ₀ ("2080) in font ec-lmr10!
Missing character: There is no ₁ ("2081) in font ec-lmr10!
Missing character: There is no ₁ ("2081) in font ec-lmr10!
Missing character: There is no ₁ ("2081) in font ec-lmr10!
[98] [99]
Missing character: There is no ₀ ("2080) in font ec-lmr10!
Missing character: There is no ₀ ("2080) in font ec-lmr10!
Missing character: There is no ₀ ("2080) in font ec-lmr10!
Missing character: There is no ₁ ("2081) in font ec-lmr10!
Missing character: There is no ₁ ("2081) in font ec-lmr10!
Missing character: There is no ₁ ("2081) in font ec-lmr10!
[100]
Missing character: There is no 𝜇 ("1D707) in font ecrm1000!
Missing character: There is no 𝜇 ("1D707) in font ecrm1000!
Missing character: There is no 𝜇 ("1D707) in font ecrm1000!
Missing character: There is no ≠ ("2260) in font ecrm1000!
Missing character: There is no 𝜇 ("1D707) in font ecrm1000!
Missing character: There is no 𝜇 ("1D707) in font ecrm1000!
Missing character: There is no ≤ ("2264) in font ecrm1000!
Missing character: There is no 𝜇 ("1D707) in font ecrm1000!
Missing character: There is no 𝜇 ("1D707) in font ecrm1000!
Missing character: There is no 𝜇 ("1D707) in font ecrm1000!
Missing character: There is no 𝜇 ("1D707) in font ecrm1000!
Missing character: There is no ≥ ("2265) in font ecrm1000!
Missing character: There is no 𝜇 ("1D707) in font ecrm1000!
Missing character: There is no 𝜇 ("1D707) in font ecrm1000!
Missing character: There is no 𝜇 ("1D707) in font ecrm1000!
LaTeX Font Info:    Font shape `T1/lmtt/bx/n' in size <12> not available
(Font)              Font shape `T1/lmtt/b/n' tried instead on input line 3695.
[101]
Missing character: There is no 𝛼 ("1D6FC) in font ecrm1000!

Underfull \hbox (badness 10000) in paragraph at lines 3779--3781

 []


Underfull \hbox (badness 10000) in paragraph at lines 3781--3783

 []

Missing character: There is no → ("2192) in font ec-lmr10!
Missing character: There is no → ("2192) in font ec-lmr10!
Missing character: There is no → ("2192) in font ec-lmr10!
Missing character: There is no 𝛼 ("1D6FC) in font ecrm1000!
Missing character: There is no ≥ ("2265) in font ec-lmr10!
Missing character: There is no ≤ ("2264) in font ec-lmr10!
Missing character: There is no ≤ ("2264) in font ec-lmr10!
[102]
Missing character: There is no ₀ ("2080) in font ec-lmr10!
Missing character: There is no ₁ ("2081) in font ec-lmr10!
Missing character: There is no α ("3B1) in font ec-lmr10!
Missing character: There is no ᵃ ("1D43) in font ec-lmr10!
[103]
Missing character: There is no ᵃ ("1D43) in font ec-lmr10!
[104] [105] [106

]
Chapter 21.

Underfull \hbox (badness 10000) in paragraph at lines 4051--4053

 []

Missing character: There is no β ("3B2) in font ec-lmr10!
Missing character: There is no β ("3B2) in font ec-lmr10!

Underfull \hbox (badness 10000) in paragraph at lines 4062--4064

 []

[107]
Missing character: There is no α ("3B1) in font ec-lmri10!
Missing character: There is no ≈ ("2248) in font ec-lmri10!
Missing character: There is no ̄ ("304) in font ecrm1000!
Missing character: There is no − ("2212) in font ecrm1000!
Missing character: There is no ̄ ("304) in font ecrm1000!
Missing character: There is no ̄ ("304) in font ecrm1000!

Underfull \hbox (badness 10000) in paragraph at lines 4135--4137

 []

Missing character: There is no ̄ ("304) in font ecrm1000!

Underfull \hbox (badness 10000) in paragraph at lines 4137--4139

 []

Missing character: There is no − ("2212) in font ecrm1000!
Missing character: There is no − ("2212) in font ecrm1000!
Missing character: There is no − ("2212) in font ecrm1000!
[108]
Underfull \hbox (badness 10000) in paragraph at lines 4153--4155

 []


Underfull \hbox (badness 10000) in paragraph at lines 4165--4167

 []


Underfull \hbox (badness 10000) in paragraph at lines 4197--4199

 []


Underfull \hbox (badness 10000) in paragraph at lines 4199--4201

 []

[109]
Underfull \hbox (badness 10000) in paragraph at lines 4234--4236

 []


Underfull \hbox (badness 10000) in paragraph at lines 4236--4238

 []


Underfull \hbox (badness 10000) in paragraph at lines 4272--4274

 []


Underfull \hbox (badness 10000) in paragraph at lines 4274--4276

 []

[110]
Underfull \hbox (badness 10000) in paragraph at lines 4310--4312

 []


Overfull \hbox (19.25194pt too wide) has occurred while \output is active
\T1/lmr/m/sl/10 21.5.  COMO CALCULAR O PODER DO TESTE QUANDO VOCÊ JÁ TEM O TAMA
NHO DA AMOSTRA \T1/lmr/m/n/10 111
 []

[111]
Underfull \hbox (badness 10000) in paragraph at lines 4429--4431

 []


Underfull \hbox (badness 10000) in paragraph at lines 4431--4433

 []

[112]
Underfull \hbox (badness 10000) in paragraph at lines 4467--4469

 []


Underfull \hbox (badness 10000) in paragraph at lines 4469--4471

 []


Underfull \hbox (badness 10000) in paragraph at lines 4516--4518

 []


Underfull \hbox (badness 10000) in paragraph at lines 4518--4520

 []

[113] [114]
Chapter 22.
File: p-value4.jpg Graphic file (type bmp)
<p-value4.jpg>
[115

]
File: p-value3.jpg Graphic file (type bmp)
<p-value3.jpg>
File: p-values2.jpg Graphic file (type bmp)
<p-values2.jpg>
[116]
File: p-values1.jpg Graphic file (type bmp)
<p-values1.jpg>
[117]
File: p-value5.jpg Graphic file (type bmp)
<p-value5.jpg>
File: p-value6.jpg Graphic file (type bmp)
<p-value6.jpg>
File: p-value9.jpg Graphic file (type bmp)
<p-value9.jpg>
[118] [119] [120]
File: p-value7.jpg Graphic file (type bmp)
<p-value7.jpg>

Underfull \vbox (badness 10000) has occurred while \output is active []

[121] [122]
File: p-value8.jpg Graphic file (type bmp)
<p-value8.jpg>
[123] [124]
Chapter 23.
LaTeX Font Info:    Font shape `T1/lmtt/bx/n' in size <14.4> not available
(Font)              Font shape `T1/lmtt/b/n' tried instead on input line 4726.
[125

]
Overfull \vbox (0.13284pt too high) detected at line 4848
 []

[126] [127] [128] [129]
File: LivroEstatisticaR_files/figure-latex/rWilcoxcal-1.pdf Graphic file (type 
pdf)
<use LivroEstatisticaR_files/figure-latex/rWilcoxcal-1.pdf>
[130]
Underfull \hbox (badness 10000) in paragraph at lines 5177--5179

 []

[131]
Missing character: There is no → ("2192) in font ec-lmri10!
Missing character: There is no → ("2192) in font ec-lmri10!
Missing character: There is no → ("2192) in font ec-lmri10!
Missing character: There is no 𝛿 ("1D6FF) in font ecrm1200!
Missing character: There is no 𝛿 ("1D6FF) in font ecrm1000!
Missing character: There is no 𝛿 ("1D6FF) in font ecrm1000!
Missing character: There is no 𝛿 ("1D6FF) in font ecrm1000!
Missing character: There is no → ("2192) in font ec-lmri10!
[132]
Missing character: There is no 𝛿 ("1D6FF) in font ecrm1000!
Missing character: There is no → ("2192) in font ec-lmri10!
Missing character: There is no 𝛿 ("1D6FF) in font ecrm1000!
Missing character: There is no → ("2192) in font ec-lmri10!
Missing character: There is no 𝛿 ("1D6FF) in font ecrm1000!
Missing character: There is no → ("2192) in font ec-lmri10!
[133] [134

]
Chapter 24.
Missing character: There is no ₀ ("2080) in font ec-lmbx10!
Missing character: There is no ₁ ("2081) in font ec-lmbx10!
[135]
File: LivroEstatisticaR_files/figure-latex/testenormex-1.pdf Graphic file (type
 pdf)
<use LivroEstatisticaR_files/figure-latex/testenormex-1.pdf>
[136] [137] [138]
Chapter 25.
Missing character: There is no ₀ ("2080) in font ec-lmr10!
Missing character: There is no ₀ ("2080) in font ec-lmr10!
Missing character: There is no ₀ ("2080) in font ec-lmr10!
Missing character: There is no μ ("3BC) in font ec-lmr10!
Missing character: There is no ₁ ("2081) in font ec-lmr10!
Missing character: There is no μ ("3BC) in font ec-lmr10!
Missing character: There is no ₂ ("2082) in font ec-lmr10!
Missing character: There is no ₁ ("2081) in font ec-lmr10!
Missing character: There is no ₁ ("2081) in font ec-lmr10!
Missing character: There is no ₁ ("2081) in font ec-lmr10!
Missing character: There is no μ ("3BC) in font ec-lmr10!
Missing character: There is no ₁ ("2081) in font ec-lmr10!
Missing character: There is no ≠ ("2260) in font ec-lmr10!
Missing character: There is no μ ("3BC) in font ec-lmr10!
Missing character: There is no ₂ ("2082) in font ec-lmr10!
Missing character: There is no ₀ ("2080) in font ec-lmr10!
Missing character: There is no ₀ ("2080) in font ec-lmr10!
Missing character: There is no ₀ ("2080) in font ec-lmr10!
Missing character: There is no μ ("3BC) in font ec-lmr10!
Missing character: There is no ₁ ("2081) in font ec-lmr10!
Missing character: There is no ₁ ("2081) in font ec-lmr10!
Missing character: There is no ₁ ("2081) in font ec-lmr10!
Missing character: There is no μ ("3BC) in font ec-lmr10!
Missing character: There is no ≠ ("2260) in font ec-lmr10!
Missing character: There is no ₀ ("2080) in font ec-lmr10!
Missing character: There is no ₀ ("2080) in font ec-lmr10!
Missing character: There is no ₀ ("2080) in font ec-lmr10!
Missing character: There is no ₁ ("2081) in font ec-lmr10!
Missing character: There is no ₁ ("2081) in font ec-lmr10!
Missing character: There is no ₁ ("2081) in font ec-lmr10!
Missing character: There is no ₀ ("2080) in font ec-lmr10!
Missing character: There is no ₀ ("2080) in font ec-lmr10!
Missing character: There is no ₀ ("2080) in font ec-lmr10!
Missing character: There is no ₁ ("2081) in font ec-lmr10!
Missing character: There is no ₁ ("2081) in font ec-lmr10!
Missing character: There is no ₁ ("2081) in font ec-lmr10!
Missing character: There is no ₀ ("2080) in font ec-lmr10!
Missing character: There is no ₁ ("2081) in font ec-lmr10!
Missing character: There is no ₀ ("2080) in font ec-lmr10!
Missing character: There is no ₀ ("2080) in font ec-lmr10!
Missing character: There is no ₀ ("2080) in font ec-lmr10!
Missing character: There is no μ ("3BC) in font ec-lmr10!
Missing character: There is no ₁ ("2081) in font ec-lmr10!
Missing character: There is no μ ("3BC) in font ec-lmr10!
Missing character: There is no ₂ ("2082) in font ec-lmr10!
Missing character: There is no μ ("3BC) in font ec-lmr10!
Missing character: There is no ₁ ("2081) in font ec-lmr10!
Missing character: There is no ₁ ("2081) in font ec-lmr10!
Missing character: There is no ₁ ("2081) in font ec-lmr10!
Missing character: There is no ₀ ("2080) in font ec-lmr10!
Missing character: There is no ₀ ("2080) in font ec-lmr10!
Missing character: There is no ₀ ("2080) in font ec-lmr10!
Missing character: There is no ₁ ("2081) in font ec-lmr10!
Missing character: There is no ₁ ("2081) in font ec-lmr10!
Missing character: There is no ₁ ("2081) in font ec-lmr10!
Missing character: There is no ₀ ("2080) in font ec-lmr10!
Missing character: There is no ₀ ("2080) in font ec-lmr10!
Missing character: There is no ₀ ("2080) in font ec-lmr10!
Missing character: There is no ₁ ("2081) in font ec-lmr10!
Missing character: There is no ₁ ("2081) in font ec-lmr10!
Missing character: There is no ₁ ("2081) in font ec-lmr10!
[139

]
Missing character: There is no ₀ ("2080) in font ec-lmr10!
Missing character: There is no ₀ ("2080) in font ec-lmr10!
Missing character: There is no ₀ ("2080) in font ec-lmr10!
Missing character: There is no ₁ ("2081) in font ec-lmr10!
Missing character: There is no ₁ ("2081) in font ec-lmr10!
Missing character: There is no ₁ ("2081) in font ec-lmr10!
Missing character: There is no ₀ ("2080) in font ec-lmr10!
Missing character: There is no ₁ ("2081) in font ec-lmr10!
File: LivroEstatisticaR_files/figure-latex/boxplotAnovabp-1.pdf Graphic file (t
ype pdf)
<use LivroEstatisticaR_files/figure-latex/boxplotAnovabp-1.pdf>
[140]
File: LivroEstatisticaR_files/figure-latex/residuosAnovatest-1.pdf Graphic file
 (type pdf)
<use LivroEstatisticaR_files/figure-latex/residuosAnovatest-1.pdf>

Underfull \vbox (badness 10000) has occurred while \output is active []

[141] [142]
Missing character: There is no → ("2192) in font ec-lmr10!
Missing character: There is no → ("2192) in font ec-lmr10!
Missing character: There is no → ("2192) in font ec-lmr10!
[143]
Missing character: There is no α ("3B1) in font ec-lmr10!
[144] [145]
File: LivroEstatisticaR_files/figure-latex/AnovaRgtest-1.pdf Graphic file (type
 pdf)
<use LivroEstatisticaR_files/figure-latex/AnovaRgtest-1.pdf>
File: LivroEstatisticaR_files/figure-latex/AnovaRnormtest-1.pdf Graphic file (t
ype pdf)
<use LivroEstatisticaR_files/figure-latex/AnovaRnormtest-1.pdf>

Underfull \vbox (badness 10000) has occurred while \output is active []

[146]
File: LivroEstatisticaR_files/figure-latex/AnovaRnormtest-2.pdf Graphic file (t
ype pdf)
<use LivroEstatisticaR_files/figure-latex/AnovaRnormtest-2.pdf>

Underfull \vbox (badness 10000) has occurred while \output is active []

[147]
File: LivroEstatisticaR_files/figure-latex/AnovaRnormtest-3.pdf Graphic file (t
ype pdf)
<use LivroEstatisticaR_files/figure-latex/AnovaRnormtest-3.pdf>

Underfull \vbox (badness 10000) has occurred while \output is active []

[148] [149] [150]
No file LivroEstatisticaR.bbl.
[151] (./LivroEstatisticaR.aux)
 ***********
LaTeX2e <2023-11-01> patch level 1
L3 programming layer <2024-02-20>
 ***********

LaTeX Font Warning: Some font shapes were not available, defaults substituted.


LaTeX Warning: Label(s) may have changed. Rerun to get cross-references right.

 ) 
Here is how much of TeX's memory you used:
 20956 strings out of 474773
 396726 string characters out of 5757724
 1953839 words of memory out of 5000000
 42763 multiletter control sequences out of 15000+600000
 617675 words of font info for 97 fonts, out of 8000000 for 9000
 1348 hyphenation exceptions out of 8191
 90i,7n,120p,1014b,534s stack positions out of 10000i,1000n,20000p,200000b,200000s

Output written on LivroEstatisticaR.pdf (151 pages).
